<?xml version="1.0" encoding="UTF-8"?>
<testng-results ignored="1" total="7" passed="6" failed="0" skipped="0">
  <reporter-output>
  </reporter-output>
  <suite started-at="2024-01-03T12:44:55 IST" name="Suite" finished-at="2024-01-03T12:44:55 IST" duration-ms="119">
    <groups>
    </groups>
    <test started-at="2024-01-03T12:44:55 IST" name="Test" finished-at="2024-01-03T12:44:55 IST" duration-ms="119">
      <class name="mavenDemo.Demo1">
        <test-method signature="demo1()[pri:0, instance:mavenDemo.Demo1@703580bf]" started-at="2024-01-03T12:44:55 IST" name="demo1" finished-at="2024-01-03T12:44:55 IST" duration-ms="12" status="PASS">
          <reporter-output>
          </reporter-output>
        </test-method> <!-- demo1 -->
        <test-method signature="demo2()[pri:0, instance:mavenDemo.Demo1@703580bf]" started-at="2024-01-03T12:44:55 IST" name="demo2" finished-at="2024-01-03T12:44:55 IST" duration-ms="2" status="PASS">
          <reporter-output>
          </reporter-output>
        </test-method> <!-- demo2 -->
        <test-method signature="demo3()[pri:0, instance:mavenDemo.Demo1@703580bf]" started-at="2024-01-03T12:44:55 IST" name="demo3" finished-at="2024-01-03T12:44:55 IST" duration-ms="1" status="PASS">
          <reporter-output>
          </reporter-output>
        </test-method> <!-- demo3 -->
      </class> <!-- mavenDemo.Demo1 -->
      <class name="mavenDemo.Demo2">
        <test-method signature="demo1()[pri:0, instance:mavenDemo.Demo2@9225652]" started-at="2024-01-03T12:44:55 IST" name="demo1" finished-at="2024-01-03T12:44:55 IST" duration-ms="2" status="PASS">
          <reporter-output>
          </reporter-output>
        </test-method> <!-- demo1 -->
        <test-method signature="demo2()[pri:2, instance:mavenDemo.Demo2@9225652]" started-at="2024-01-03T12:44:55 IST" name="demo2" finished-at="2024-01-03T12:44:55 IST" duration-ms="3" status="PASS">
          <reporter-output>
          </reporter-output>
        </test-method> <!-- demo2 -->
        <test-method signature="demo2()[pri:2, instance:mavenDemo.Demo2@9225652]" started-at="2024-01-03T12:44:55 IST" name="demo2" finished-at="2024-01-03T12:44:55 IST" duration-ms="1" status="PASS">
          <reporter-output>
          </reporter-output>
        </test-method> <!-- demo2 -->
      </class> <!-- mavenDemo.Demo2 -->
    </test> <!-- Test -->
  </suite> <!-- Suite -->
</testng-results>
