<?xml version="1.0" encoding="UTF-8"?>
<!-- Generated by org.testng.reporters.JUnitXMLReporter -->
<testsuite ignored="1" hostname="DESKTOP-RKDJRII" failures="0" tests="3" name="Default test" time="0.062" errors="0" timestamp="2024-01-03T12:42:17 IST">
  <testcase classname="mavenDemo.Demo2" name="demo1" time="0.009"/>
  <testcase classname="mavenDemo.Demo2" name="demo2" time="0.001"/>
  <testcase classname="mavenDemo.Demo2" name="demo2" time="0.002"/>
  <testcase classname="mavenDemo.Demo2" name="demo3" time="0.0">
    <ignored/>
  </testcase> <!-- demo3 -->
</testsuite> <!-- Default test -->
